<?xml version="1.0" encoding="UTF-8"?>
<testsuite xmlns:xsi="http://www.w3.org/2001/XMLSchema-instance" xsi:noNamespaceSchemaLocation="https://maven.apache.org/surefire/maven-surefire-plugin/xsd/surefire-test-report-3.0.xsd" version="3.0" name="eli.projects.spprototype.AppTest" time="0.004" tests="1" errors="0" skipped="0" failures="0">
  <properties>
    <property name="sun.desktop" value="windows"/>
    <property name="awt.toolkit" value="sun.awt.windows.WToolkit"/>
    <property name="java.specification.version" value="11"/>
    <property name="sun.cpu.isalist" value="amd64"/>
    <property name="sun.jnu.encoding" value="Cp1252"/>
    <property name="java.class.path" value="C:\Users\Eli\eclipse-workspace\spprototype\target\test-classes;C:\Users\Eli\eclipse-workspace\spprototype\target\classes;C:\Users\Eli\.m2\repository\junit\junit\3.8.1\junit-3.8.1.jar;C:\Users\Eli\.m2\repository\org\kordamp\ikonli\ikonli-javafx\11.5.0\ikonli-javafx-11.5.0.jar;C:\Users\Eli\.m2\repository\org\kordamp\ikonli\ikonli-core\11.5.0\ikonli-core-11.5.0.jar;C:\Users\Eli\.m2\repository\org\kordamp\ikonli\ikonli-entypo-pack\11.5.0\ikonli-entypo-pack-11.5.0.jar;C:\Users\Eli\.m2\repository\org\apache\pdfbox\pdfbox\2.0.21\pdfbox-2.0.21.jar;C:\Users\Eli\.m2\repository\commons-logging\commons-logging\1.2\commons-logging-1.2.jar;C:\Users\Eli\.m2\repository\org\apache\pdfbox\fontbox\2.0.21\fontbox-2.0.21.jar;C:\Users\Eli\.m2\repository\org\openjfx\javafx-controls\14\javafx-controls-14.jar;C:\Users\Eli\.m2\repository\org\openjfx\javafx-controls\14\javafx-controls-14-win.jar;C:\Users\Eli\.m2\repository\org\openjfx\javafx-graphics\14\javafx-graphics-14.jar;C:\Users\Eli\.m2\repository\org\openjfx\javafx-graphics\14\javafx-graphics-14-win.jar;C:\Users\Eli\.m2\repository\org\openjfx\javafx-fxml\14\javafx-fxml-14.jar;C:\Users\Eli\.m2\repository\org\openjfx\javafx-fxml\14\javafx-fxml-14-win.jar;C:\Users\Eli\.m2\repository\org\controlsfx\controlsfx\11.0.2\controlsfx-11.0.2.jar;C:\Users\Eli\.m2\repository\org\openjfx\javafx-base\11.0.2\javafx-base-11.0.2.jar;C:\Users\Eli\.m2\repository\org\openjfx\javafx-base\11.0.2\javafx-base-11.0.2-win.jar;C:\Users\Eli\.m2\repository\org\openjfx\javafx-media\11.0.2\javafx-media-11.0.2.jar;C:\Users\Eli\.m2\repository\org\openjfx\javafx-media\11.0.2\javafx-media-11.0.2-win.jar;C:\Users\Eli\.m2\repository\com\dlsc\afterburner\afterburner.fx\2.0.0\afterburner.fx-2.0.0.jar;C:\Users\Eli\.m2\repository\javax\inject\javax.inject\1\javax.inject-1.jar;C:\Users\Eli\.m2\repository\javax\annotation\javax.annotation-api\1.3.2\javax.annotation-api-1.3.2.jar;C:\Users\Eli\.m2\repository\org\openjfx\javafx-swing\11\javafx-swing-11.jar;C:\Users\Eli\.m2\repository\org\openjfx\javafx-swing\11\javafx-swing-11-win.jar;"/>
    <property name="java.vm.vendor" value="Oracle Corporation"/>
    <property name="sun.arch.data.model" value="64"/>
    <property name="user.variant" value=""/>
    <property name="java.vendor.url" value="https://openjdk.java.net/"/>
    <property name="user.timezone" value="America/Los_Angeles"/>
    <property name="java.vm.specification.version" value="11"/>
    <property name="os.name" value="Windows 10"/>
    <property name="sun.java.launcher" value="SUN_STANDARD"/>
    <property name="user.country" value="US"/>
    <property name="sun.boot.library.path" value="C:\Program Files\Java\jdk-11.0.8\bin"/>
    <property name="sun.java.command" value="C:\Users\Eli\AppData\Local\Temp\surefire13838174656533631826\surefirebooter1616823756916406984.jar C:\Users\Eli\AppData\Local\Temp\surefire13838174656533631826 2021-03-01T18-19-37_716-jvmRun1 surefire9936028347169986289tmp surefire_013447806882885149681tmp"/>
    <property name="jdk.debug" value="release"/>
    <property name="surefire.test.class.path" value="C:\Users\Eli\eclipse-workspace\spprototype\target\test-classes;C:\Users\Eli\eclipse-workspace\spprototype\target\classes;C:\Users\Eli\.m2\repository\junit\junit\3.8.1\junit-3.8.1.jar;C:\Users\Eli\.m2\repository\org\kordamp\ikonli\ikonli-javafx\11.5.0\ikonli-javafx-11.5.0.jar;C:\Users\Eli\.m2\repository\org\kordamp\ikonli\ikonli-core\11.5.0\ikonli-core-11.5.0.jar;C:\Users\Eli\.m2\repository\org\kordamp\ikonli\ikonli-entypo-pack\11.5.0\ikonli-entypo-pack-11.5.0.jar;C:\Users\Eli\.m2\repository\org\apache\pdfbox\pdfbox\2.0.21\pdfbox-2.0.21.jar;C:\Users\Eli\.m2\repository\commons-logging\commons-logging\1.2\commons-logging-1.2.jar;C:\Users\Eli\.m2\repository\org\apache\pdfbox\fontbox\2.0.21\fontbox-2.0.21.jar;C:\Users\Eli\.m2\repository\org\openjfx\javafx-controls\14\javafx-controls-14.jar;C:\Users\Eli\.m2\repository\org\openjfx\javafx-controls\14\javafx-controls-14-win.jar;C:\Users\Eli\.m2\repository\org\openjfx\javafx-graphics\14\javafx-graphics-14.jar;C:\Users\Eli\.m2\repository\org\openjfx\javafx-graphics\14\javafx-graphics-14-win.jar;C:\Users\Eli\.m2\repository\org\openjfx\javafx-fxml\14\javafx-fxml-14.jar;C:\Users\Eli\.m2\repository\org\openjfx\javafx-fxml\14\javafx-fxml-14-win.jar;C:\Users\Eli\.m2\repository\org\controlsfx\controlsfx\11.0.2\controlsfx-11.0.2.jar;C:\Users\Eli\.m2\repository\org\openjfx\javafx-base\11.0.2\javafx-base-11.0.2.jar;C:\Users\Eli\.m2\repository\org\openjfx\javafx-base\11.0.2\javafx-base-11.0.2-win.jar;C:\Users\Eli\.m2\repository\org\openjfx\javafx-media\11.0.2\javafx-media-11.0.2.jar;C:\Users\Eli\.m2\repository\org\openjfx\javafx-media\11.0.2\javafx-media-11.0.2-win.jar;C:\Users\Eli\.m2\repository\com\dlsc\afterburner\afterburner.fx\2.0.0\afterburner.fx-2.0.0.jar;C:\Users\Eli\.m2\repository\javax\inject\javax.inject\1\javax.inject-1.jar;C:\Users\Eli\.m2\repository\javax\annotation\javax.annotation-api\1.3.2\javax.annotation-api-1.3.2.jar;C:\Users\Eli\.m2\repository\org\openjfx\javafx-swing\11\javafx-swing-11.jar;C:\Users\Eli\.m2\repository\org\openjfx\javafx-swing\11\javafx-swing-11-win.jar;"/>
    <property name="sun.cpu.endian" value="little"/>
    <property name="user.home" value="C:\Users\Eli"/>
    <property name="user.language" value="en"/>
    <property name="java.specification.vendor" value="Oracle Corporation"/>
    <property name="java.version.date" value="2020-07-14"/>
    <property name="java.home" value="C:\Program Files\Java\jdk-11.0.8"/>
    <property name="file.separator" value="\"/>
    <property name="basedir" value="C:\Users\Eli\eclipse-workspace\spprototype"/>
    <property name="java.vm.compressedOopsMode" value="Zero based"/>
    <property name="line.separator" value="&#10;"/>
    <property name="java.specification.name" value="Java Platform API Specification"/>
    <property name="java.vm.specification.vendor" value="Oracle Corporation"/>
    <property name="java.awt.graphicsenv" value="sun.awt.Win32GraphicsEnvironment"/>
    <property name="surefire.real.class.path" value="C:\Users\Eli\AppData\Local\Temp\surefire13838174656533631826\surefirebooter1616823756916406984.jar"/>
    <property name="user.script" value=""/>
    <property name="sun.management.compiler" value="HotSpot 64-Bit Tiered Compilers"/>
    <property name="java.runtime.version" value="11.0.8+10-LTS"/>
    <property name="user.name" value="Eli"/>
    <property name="path.separator" value=";"/>
    <property name="os.version" value="10.0"/>
    <property name="java.runtime.name" value="Java(TM) SE Runtime Environment"/>
    <property name="file.encoding" value="Cp1252"/>
    <property name="java.vm.name" value="Java HotSpot(TM) 64-Bit Server VM"/>
    <property name="java.vendor.version" value="18.9"/>
    <property name="localRepository" value="C:\Users\Eli\.m2\repository"/>
    <property name="java.vendor.url.bug" value="https://bugreport.java.com/bugreport/"/>
    <property name="java.io.tmpdir" value="C:\Users\Eli\AppData\Local\Temp\"/>
    <property name="java.version" value="11.0.8"/>
    <property name="user.dir" value="C:\Users\Eli\eclipse-workspace\spprototype"/>
    <property name="os.arch" value="amd64"/>
    <property name="java.vm.specification.name" value="Java Virtual Machine Specification"/>
    <property name="java.awt.printerjob" value="sun.awt.windows.WPrinterJob"/>
    <property name="sun.os.patch.level" value=""/>
    <property name="java.library.path" value="C:\Program Files\Java\jdk-11.0.8\bin;C:\Windows\Sun\Java\bin;C:\Windows\system32;C:\Windows;C:/Program Files/Java/jdk1.8.0_261/bin/../jre/bin/server;C:/Program Files/Java/jdk1.8.0_261/bin/../jre/bin;C:/Program Files/Java/jdk1.8.0_261/bin/../jre/lib/amd64;C:\Program Files (x86)\NVIDIA Corporation\PhysX\Common;C:\Program Files\Java\jdk1.8.0_261\bin;C:\Windows\system32;C:\Windows;C:\Windows\System32\Wbem;C:\Windows\System32\WindowsPowerShell\v1.0\;C:\Windows\System32\OpenSSH\;C:\Program Files (x86)\PDFtk\bin\;C:\Program Files\TortoiseGit\bin;C:\Program Files\Git\cmd;C:\Users\Eli\AppData\Local\Microsoft\WindowsApps;C:\Program Files\ffmpeg\bin\;C:\Program Files\JetBrains\PyCharm 2020.2.3\bin;;C:\Users\Eli\AppData\Local\GitHubDesktop\bin;C:\eclipse;;."/>
    <property name="java.vendor" value="Oracle Corporation"/>
    <property name="java.vm.info" value="mixed mode"/>
    <property name="java.vm.version" value="11.0.8+10-LTS"/>
    <property name="sun.io.unicode.encoding" value="UnicodeLittle"/>
    <property name="java.class.version" value="55.0"/>
  </properties>
  <testcase name="testApp" classname="eli.projects.spprototype.AppTest" time="0.001"/>
</testsuite>